{"/Users/jasonnuhn/RedPillMatrix/paperStack/server/invoice/custModel.js": {"path":"/Users/jasonnuhn/RedPillMatrix/paperStack/server/invoice/custModel.js","statementMap":{"0":{"start":{"line":1,"column":17},"end":{"line":1,"column":36}},"1":{"start":{"line":2,"column":19},"end":{"line":2,"column":27}},"2":{"start":{"line":4,"column":24},"end":{"line":45,"column":2}},"3":{"start":{"line":47,"column":18},"end":{"line":47,"column":62}},"4":{"start":{"line":49,"column":0},"end":{"line":49,"column":27}}},"fnMap":{},"branchMap":{},"s":{"0":1,"1":1,"2":1,"3":1,"4":1},"f":{},"b":{},"_coverageSchema":"332fd63041d2c1bcb487cc26dd0d5f7d97098a6c","hash":"03106e766646b8a5c58cf5d2ee7930fcac5c1d10"}
,"/Users/jasonnuhn/RedPillMatrix/paperStack/server/invoice/finTranModel.js": {"path":"/Users/jasonnuhn/RedPillMatrix/paperStack/server/invoice/finTranModel.js","statementMap":{"0":{"start":{"line":1,"column":17},"end":{"line":1,"column":36}},"1":{"start":{"line":2,"column":19},"end":{"line":2,"column":27}},"2":{"start":{"line":4,"column":22},"end":{"line":47,"column":2}},"3":{"start":{"line":49,"column":16},"end":{"line":49,"column":56}},"4":{"start":{"line":51,"column":0},"end":{"line":51,"column":25}}},"fnMap":{},"branchMap":{},"s":{"0":1,"1":1,"2":1,"3":1,"4":1},"f":{},"b":{},"_coverageSchema":"332fd63041d2c1bcb487cc26dd0d5f7d97098a6c","hash":"de41ddc622a26b613e16147ec861aba0ba0d5887"}
,"/Users/jasonnuhn/RedPillMatrix/paperStack/server/invoice/invLineItemsModel.js": {"path":"/Users/jasonnuhn/RedPillMatrix/paperStack/server/invoice/invLineItemsModel.js","statementMap":{"0":{"start":{"line":1,"column":17},"end":{"line":1,"column":36}},"1":{"start":{"line":2,"column":19},"end":{"line":2,"column":27}},"2":{"start":{"line":4,"column":22},"end":{"line":30,"column":2}},"3":{"start":{"line":33,"column":16},"end":{"line":33,"column":56}},"4":{"start":{"line":35,"column":0},"end":{"line":35,"column":25}}},"fnMap":{},"branchMap":{},"s":{"0":1,"1":1,"2":1,"3":1,"4":1},"f":{},"b":{},"_coverageSchema":"332fd63041d2c1bcb487cc26dd0d5f7d97098a6c","hash":"bf21a4ea38d8d17634a40b92e386c2896bfcd567"}
,"/Users/jasonnuhn/RedPillMatrix/paperStack/server/invoice/invModel.js": {"path":"/Users/jasonnuhn/RedPillMatrix/paperStack/server/invoice/invModel.js","statementMap":{"0":{"start":{"line":1,"column":17},"end":{"line":1,"column":36}},"1":{"start":{"line":2,"column":19},"end":{"line":2,"column":27}},"2":{"start":{"line":4,"column":23},"end":{"line":38,"column":2}},"3":{"start":{"line":40,"column":17},"end":{"line":40,"column":59}},"4":{"start":{"line":42,"column":0},"end":{"line":42,"column":26}}},"fnMap":{},"branchMap":{},"s":{"0":1,"1":1,"2":1,"3":1,"4":1},"f":{},"b":{},"_coverageSchema":"332fd63041d2c1bcb487cc26dd0d5f7d97098a6c","hash":"1ae31275183ab56fd3970ffc65c1701e638e0e92"}
,"/Users/jasonnuhn/RedPillMatrix/paperStack/server/invoice/userModel.js": {"path":"/Users/jasonnuhn/RedPillMatrix/paperStack/server/invoice/userModel.js","statementMap":{"0":{"start":{"line":1,"column":17},"end":{"line":1,"column":36}},"1":{"start":{"line":2,"column":19},"end":{"line":2,"column":27}},"2":{"start":{"line":4,"column":20},"end":{"line":30,"column":2}},"3":{"start":{"line":32,"column":14},"end":{"line":32,"column":50}},"4":{"start":{"line":34,"column":0},"end":{"line":34,"column":23}}},"fnMap":{},"branchMap":{},"s":{"0":1,"1":1,"2":1,"3":1,"4":1},"f":{},"b":{},"_coverageSchema":"332fd63041d2c1bcb487cc26dd0d5f7d97098a6c","hash":"e4f55a7c2af6ff733603e9f4cdc98491a5c523c8"}
}
