TN:
SF:/Users/jasonnuhn/RedPillMatrix/paperStack/server/invoice/custModel.js
FNF:0
FNH:0
DA:1,1
DA:2,1
DA:4,1
DA:47,1
DA:49,1
LF:5
LH:5
BRF:0
BRH:0
end_of_record
TN:
SF:/Users/jasonnuhn/RedPillMatrix/paperStack/server/invoice/finTranModel.js
FNF:0
FNH:0
DA:1,1
DA:2,1
DA:4,1
DA:49,1
DA:51,1
LF:5
LH:5
BRF:0
BRH:0
end_of_record
TN:
SF:/Users/jasonnuhn/RedPillMatrix/paperStack/server/invoice/invLineItemsModel.js
FNF:0
FNH:0
DA:1,1
DA:2,1
DA:4,1
DA:33,1
DA:35,1
LF:5
LH:5
BRF:0
BRH:0
end_of_record
TN:
SF:/Users/jasonnuhn/RedPillMatrix/paperStack/server/invoice/invModel.js
FNF:0
FNH:0
DA:1,1
DA:2,1
DA:4,1
DA:40,1
DA:42,1
LF:5
LH:5
BRF:0
BRH:0
end_of_record
TN:
SF:/Users/jasonnuhn/RedPillMatrix/paperStack/server/invoice/userModel.js
FNF:0
FNH:0
DA:1,1
DA:2,1
DA:4,1
DA:32,1
DA:34,1
LF:5
LH:5
BRF:0
BRH:0
end_of_record
